Lab 5/Demo_Camera_81497/app/build/intermediates/manifest_merge_blame_file/debug/manifest-merger-blame-debug-report.txt
1<?xml version="1.0" encoding="utf-8"?>
2<manifest xmlns:android="http://schemas.android.com/apk/res/android"
3    package="ca.yorku.eecs.mack.democamera"
4    android:versionCode="1"
5    android:versionName="1.0" >
6
7    <uses-sdk
8        android:minSdkVersion="13"
8-->src/main/AndroidManifest.xml
9        android:targetSdkVersion="22" />
9-->src/main/AndroidManifest.xml
10
11    <uses-permission android:name="android.permission.CAMERA" />
11-->src/main/AndroidManifest.xml:7:5-64
11-->src/main/AndroidManifest.xml:7:22-62
12    <uses-permission android:name="android.permission.WRITE_EXTERNAL_STORAGE" />
12-->src/main/AndroidManifest.xml:8:5-80
12-->src/main/AndroidManifest.xml:8:22-78
13
14    <uses-feature android:name="android.hardware.camera" />
14-->src/main/AndroidManifest.xml:9:5-59
14-->src/main/AndroidManifest.xml:9:19-57
15
16    <application
16-->src/main/AndroidManifest.xml:11:5-29:19
17        android:allowBackup="false"
17-->src/main/AndroidManifest.xml:12:9-36
18        android:debuggable="true"
19        android:icon="@drawable/icon"
19-->src/main/AndroidManifest.xml:13:9-38
20        android:label="@string/app_name"
20-->src/main/AndroidManifest.xml:14:9-41
21        android:testOnly="true" >
22        <activity
22-->src/main/AndroidManifest.xml:15:9-24:20
23            android:name="ca.yorku.eecs.mack.democamera81497.DemoCamera81497Activity"
23-->src/main/AndroidManifest.xml:16:13-86
24            android:configChanges="orientation|screenSize"
24-->src/main/AndroidManifest.xml:17:13-59
25            android:label="@string/app_name" >
25-->src/main/AndroidManifest.xml:18:13-45
26            <intent-filter>
26-->src/main/AndroidManifest.xml:19:13-23:29
27                <action android:name="android.intent.action.MAIN" />
27-->src/main/AndroidManifest.xml:20:17-68
27-->src/main/AndroidManifest.xml:20:25-66
28                <action android:name="android.intent.action.VIEW" />
28-->src/main/AndroidManifest.xml:21:17-69
28-->src/main/AndroidManifest.xml:21:25-66
29
30                <category android:name="android.intent.category.LAUNCHER" />
30-->src/main/AndroidManifest.xml:22:17-76
30-->src/main/AndroidManifest.xml:22:27-74
31            </intent-filter>
32        </activity>
33        <activity android:name="ca.yorku.eecs.mack.democamera81497.ImageListViewerActivity" >
33-->src/main/AndroidManifest.xml:25:9-26:20
33-->src/main/AndroidManifest.xml:25:19-92
34        </activity>
35        <activity android:name="ca.yorku.eecs.mack.democamera81497.VideoViewerActivity" >
35-->src/main/AndroidManifest.xml:27:9-28:20
35-->src/main/AndroidManifest.xml:27:19-88
36        </activity>
37    </application>
38
39</manifest>